This is pdfeTeX, Version 3.141592-1.21a-2.2 (Web2C 7.5.4) (format=latex 2006.10.26)  11 JAN 2007 20:58
entering extended mode
**./images.tex
(./images.tex
LaTeX2e <2003/12/01>
Babel <v3.8d> and hyphenation patterns for american, french, german, ngerman, b
ahasa, basque, bulgarian, catalan, croatian, czech, danish, dutch, esperanto, e
stonian, finnish, greek, icelandic, irish, italian, latin, magyar, norsk, polis
h, portuges, romanian, russian, serbian, slovak, slovene, spanish, swedish, tur
kish, ukrainian, nohyphenation, loaded.

(/usr/share/texmf-tetex/tex/latex/base/article.cls
Document Class: article 2004/02/16 v1.4f Standard LaTeX document class
(/usr/share/texmf-tetex/tex/latex/base/size10.clo
File: size10.clo 2004/02/16 v1.4f Standard LaTeX file (size option)
)
\c@part=\count79
\c@section=\count80
\c@subsection=\count81
\c@subsubsection=\count82
\c@paragraph=\count83
\c@subparagraph=\count84
\c@figure=\count85
\c@table=\count86
\abovecaptionskip=\skip41
\belowcaptionskip=\skip42
\bibindent=\dimen102
) (/usr/share/texmf-tetex/tex/latex/base/ifthen.sty
Package: ifthen 2001/05/26 v1.1c Standard LaTeX ifthen package (DPC)
) (/usr/share/texmf-tetex/tex/latex/anysize/anysize.sty
Package: anysize 1994/08/13 setting margin sizes
document style option `anysize' loaded
Michael Salzenberg, Thomas Esser, Dirk Hillbrecht
Version 1.0, Aug 13, 1994
\@Leftmargin=\dimen103
\@Rightmargin=\dimen104
\@Topmargin=\dimen105
\@Bottommargin=\dimen106
) (/usr/share/texmf-tetex/tex/latex/float/float.sty
Package: float 2001/11/08 v1.3d Float enhancements (AL)
\c@float@type=\count87
\float@exts=\toks14
\float@box=\box26
\@float@everytoks=\toks15
\@floatcapt=\box27
) (/usr/share/texmf-tetex/tex/latex/booktabs/booktabs.sty
Package: booktabs 2003/03/28 v1.618 publication quality tables
\heavyrulewidth=\dimen107
\lightrulewidth=\dimen108
\cmidrulewidth=\dimen109
\belowrulesep=\dimen110
\belowbottomsep=\dimen111
\aboverulesep=\dimen112
\abovetopsep=\dimen113
\cmidrulesep=\dimen114
\cmidrulekern=\dimen115
\defaultaddspace=\dimen116
\@cmidla=\count88
\@cmidlb=\count89
\@aboverulesep=\dimen117
\@belowrulesep=\dimen118
\@thisruleclass=\count90
\@lastruleclass=\count91
\@thisrulewidth=\dimen119
) (/usr/share/texmf-tetex/tex/latex/url/url.sty
\Urlmuskip=\muskip10
Package: url 2004/03/15  ver 3.1  Verb mode for urls, etc.
)

LaTeX Warning: You have requested package `',
               but the package provides `mridangam'.

Package: mridangam 
***************************************************
 Author: Suriya Narayanan M S <mssnlayam@vsnl.net>
 This is for formatting my Mridangam notes.
 This is nothing great.
***************************************************
(/usr/share/texmf-tetex/tex/latex/graphics/color.sty
Package: color 1999/02/16 v1.0i Standard LaTeX Color (DPC)
(/usr/share/texmf-tetex/tex/latex/graphics/color.cfg
File: color.cfg 2005/02/03 v1.3 color configuration of teTeX/TeXLive
)
Package color Info: Driver file: dvips.def on input line 125.
(/usr/share/texmf-tetex/tex/latex/graphics/dvips.def
File: dvips.def 1999/02/16 v3.0i Driver-dependant file (DPC,SPQR)
) (/usr/share/texmf-tetex/tex/latex/graphics/dvipsnam.def
File: dvipsnam.def 1999/02/16 v3.0i Driver-dependant file (DPC,SPQR)
)) (/usr/share/texmf-tetex/tex/latex/base/inputenc.sty
Package: inputenc 2004/02/05 v1.0d Input encoding file
)
\sizebox=\box28
\lthtmlwrite=\write3
(./images.aux)
\openout1 = `images.aux'.

LaTeX Font Info:    Checking defaults for OML/cmm/m/it on input line 347.
LaTeX Font Info:    ... okay on input line 347.
LaTeX Font Info:    Checking defaults for T1/cmr/m/n on input line 347.
LaTeX Font Info:    ... okay on input line 347.
LaTeX Font Info:    Checking defaults for OT1/cmr/m/n on input line 347.
LaTeX Font Info:    ... okay on input line 347.
LaTeX Font Info:    Checking defaults for OMS/cmsy/m/n on input line 347.
LaTeX Font Info:    ... okay on input line 347.
LaTeX Font Info:    Checking defaults for OMX/cmex/m/n on input line 347.
LaTeX Font Info:    ... okay on input line 347.
LaTeX Font Info:    Checking defaults for U/cmr/m/n on input line 347.
LaTeX Font Info:    ... okay on input line 347.

latex2htmlLength hsize=349.0pt

latex2htmlLength vsize=682.43936pt

latex2htmlLength hoffset=0.0pt

latex2htmlLength voffset=0.0pt

latex2htmlLength topmargin=0.0pt

latex2htmlLength topskip=0.00003pt

latex2htmlLength headheight=0.0pt

latex2htmlLength headsep=0.0pt

latex2htmlLength parskip=0.0pt plus 1.0pt

latex2htmlLength oddsidemargin=18.0675pt

latex2htmlLength evensidemargin=18.0675pt

LaTeX Font Info:    External font `cmex10' loaded for size
(Font)              <7> on input line 375.
LaTeX Font Info:    External font `cmex10' loaded for size
(Font)              <5> on input line 375.
l2hSize :tex2html_wrap_inline577:9.08334pt::0.0pt::5.50005pt.
[1



]
l2hSize :tex2html_wrap_inline579:9.08334pt::0.0pt::5.50005pt.
[2


]
l2hSize :tex2html_wrap_inline581:9.08334pt::0.0pt::5.50005pt.
[3


]
l2hSize :tex2html_wrap_inline583:9.08334pt::0.0pt::5.50005pt.
[4


]
l2hSize :tex2html_wrap_inline585:9.08334pt::0.0pt::5.50005pt.
[5


]
l2hSize :tex2html_wrap_inline591:8.44434pt::0.0pt::5.50005pt.
[6


]
l2hSize :tex2html_wrap_inline593:11.08324pt::0.0pt::5.50005pt.
[7


]
l2hSize :tex2html_wrap_inline595:9.44434pt::9.44434pt::104.79083pt.
[8


]
l2hSize :tex2html_wrap_inline597:11.08324pt::0.0pt::5.50005pt.
[9


]
l2hSize :tex2html_wrap_inline599:8.8332pt::0.0pt::22.05049pt.
[10


]
l2hSize :tex2html_wrap_inline601:11.08324pt::0.0pt::5.50005pt.
[11


]
l2hSize :tex2html_wrap_inline603:9.44434pt::9.44434pt::207.25699pt.
[12


]
l2hSize :tex2html_wrap_inline625:6.95831pt::6.95831pt::36.18066pt.
[13


]
l2hSize :tex2html_wrap_inline627:6.95831pt::6.95831pt::40.62508pt.
[14


]
l2hSize :tex2html_wrap_inline629:6.95831pt::6.95831pt::40.62508pt.
[15


]
l2hSize :tex2html_wrap_inline631:6.95831pt::6.95831pt::28.95847pt.
[16


] (./images.aux) ) 
Here is how much of TeX's memory you used:
 882 strings out of 94501
 11013 string characters out of 1175810
 55630 words of memory out of 1000000
 4102 multiletter control sequences out of 10000+50000
 3640 words of font info for 14 fonts, out of 500000 for 2000
 580 hyphenation exceptions out of 8191
 23i,5n,19p,162b,147s stack positions out of 1500i,500n,5000p,200000b,5000s

Output written on images.dvi (16 pages, 4044 bytes).
